amneziawg-android/ui/build/intermediates/manifest_merge_blame_file/release/processReleaseMainManifest/manifest-merger-blame-release-report.txt
1<?xml version="1.0" encoding="utf-8"?>
2<manifest xmlns:android="http://schemas.android.com/apk/res/android"
3    package="org.amnezia.awg"
4    android:installLocation="internalOnly"
5    android:versionCode="7"
6    android:versionName="1.1.4" >
7
8    <uses-sdk
9        android:minSdkVersion="24"
10        android:targetSdkVersion="34" />
11
12    <uses-permission android:name="android.permission.CAMERA" />
12-->src/main/AndroidManifest.xml:6:5-65
12-->src/main/AndroidManifest.xml:6:22-62
13    <uses-permission android:name="android.permission.INTERNET" />
13-->src/main/AndroidManifest.xml:7:5-67
13-->src/main/AndroidManifest.xml:7:22-64
14    <uses-permission android:name="android.permission.RECEIVE_BOOT_COMPLETED" />
14-->src/main/AndroidManifest.xml:8:5-81
14-->src/main/AndroidManifest.xml:8:22-78
15    <uses-permission
15-->src/main/AndroidManifest.xml:9:5-11:38
16        android:name="android.permission.SYSTEM_ALERT_WINDOW"
16-->src/main/AndroidManifest.xml:10:9-62
17        android:minSdkVersion="34" />
17-->src/main/AndroidManifest.xml:11:9-35
18    <uses-permission
18-->src/main/AndroidManifest.xml:12:5-15:40
19        android:name="android.permission.WRITE_EXTERNAL_STORAGE"
19-->src/main/AndroidManifest.xml:13:9-65
20        android:maxSdkVersion="28" />
20-->src/main/AndroidManifest.xml:14:9-35
21
22    <uses-feature
22-->src/main/AndroidManifest.xml:17:5-19:36
23        android:name="android.hardware.touchscreen"
23-->src/main/AndroidManifest.xml:18:9-52
24        android:required="false" />
24-->src/main/AndroidManifest.xml:19:9-33
25    <uses-feature
25-->src/main/AndroidManifest.xml:20:5-22:36
26        android:name="android.software.leanback"
26-->src/main/AndroidManifest.xml:21:9-49
27        android:required="false" />
27-->src/main/AndroidManifest.xml:22:9-33
28    <uses-feature
28-->src/main/AndroidManifest.xml:23:5-25:36
29        android:name="android.hardware.camera.any"
29-->src/main/AndroidManifest.xml:24:9-51
30        android:required="false" />
30-->src/main/AndroidManifest.xml:25:9-33
31    <uses-feature
31-->src/main/AndroidManifest.xml:26:5-28:36
32        android:name="android.hardware.camera"
32-->src/main/AndroidManifest.xml:27:9-47
33        android:required="false" />
33-->src/main/AndroidManifest.xml:28:9-33
34
35    <permission
36        android:name="org.amnezia.awg.permission.CONTROL_TUNNELS"
36-->src/main/AndroidManifest.xml:31:9-67
37        android:description="@string/permission_description"
37-->src/main/AndroidManifest.xml:32:9-61
38        android:icon="@mipmap/ic_launcher"
38-->src/main/AndroidManifest.xml:33:9-43
39        android:label="@string/permission_label"
39-->src/main/AndroidManifest.xml:34:9-49
40        android:protectionLevel="dangerous" />
40-->src/main/AndroidManifest.xml:35:9-44
41
42    <queries>
42-->src/main/AndroidManifest.xml:151:5-156:15
43        <intent>
43-->src/main/AndroidManifest.xml:152:9-155:18
44            <action android:name="android.intent.action.MAIN" />
44-->src/main/AndroidManifest.xml:57:17-69
44-->src/main/AndroidManifest.xml:57:25-66
45
46            <category android:name="android.intent.category.LAUNCHER" />
46-->src/main/AndroidManifest.xml:59:17-77
46-->src/main/AndroidManifest.xml:59:27-74
47        </intent>
48    </queries>
49
50    <uses-permission android:name="android.permission.USE_BIOMETRIC" /> <!-- suppress DeprecatedClassUsageInspection -->
50-->[androidx.biometric:biometric:1.1.0] AndroidManifest.xml:24:5-72
50-->[androidx.biometric:biometric:1.1.0] AndroidManifest.xml:24:22-69
51    <uses-permission android:name="android.permission.USE_FINGERPRINT" />
51-->[androidx.biometric:biometric:1.1.0] AndroidManifest.xml:27:5-74
51-->[androidx.biometric:biometric:1.1.0] AndroidManifest.xml:27:22-71
52
53    <permission
53-->[androidx.core:core:1.12.0] AndroidManifest.xml:22:5-24:47
54        android:name="org.amnezia.awg.DYNAMIC_RECEIVER_NOT_EXPORTED_PERMISSION"
54-->[androidx.core:core:1.12.0] AndroidManifest.xml:23:9-81
55        android:protectionLevel="signature" />
55-->[androidx.core:core:1.12.0] AndroidManifest.xml:24:9-44
56
57    <uses-permission android:name="org.amnezia.awg.DYNAMIC_RECEIVER_NOT_EXPORTED_PERMISSION" />
57-->[androidx.core:core:1.12.0] AndroidManifest.xml:26:5-97
57-->[androidx.core:core:1.12.0] AndroidManifest.xml:26:22-94
58
59    <uses-feature
59-->[com.journeyapps:zxing-android-embedded:4.3.0] AndroidManifest.xml:28:5-30:36
60        android:name="android.hardware.camera.front"
60-->[com.journeyapps:zxing-android-embedded:4.3.0] AndroidManifest.xml:29:9-53
61        android:required="false" /> <!-- TODO replace above two with next line after Android 4.2 -->
61-->[com.journeyapps:zxing-android-embedded:4.3.0] AndroidManifest.xml:30:9-33
62    <!-- <uses-feature android:name="android.hardware.camera.any"/> -->
63    <uses-feature
63-->[com.journeyapps:zxing-android-embedded:4.3.0] AndroidManifest.xml:33:5-35:36
64        android:name="android.hardware.camera.autofocus"
64-->[com.journeyapps:zxing-android-embedded:4.3.0] AndroidManifest.xml:34:9-57
65        android:required="false" />
65-->[com.journeyapps:zxing-android-embedded:4.3.0] AndroidManifest.xml:35:9-33
66    <uses-feature
66-->[com.journeyapps:zxing-android-embedded:4.3.0] AndroidManifest.xml:36:5-38:36
67        android:name="android.hardware.camera.flash"
67-->[com.journeyapps:zxing-android-embedded:4.3.0] AndroidManifest.xml:37:9-53
68        android:required="false" />
68-->[com.journeyapps:zxing-android-embedded:4.3.0] AndroidManifest.xml:38:9-33
69    <uses-feature
69-->[com.journeyapps:zxing-android-embedded:4.3.0] AndroidManifest.xml:39:5-41:36
70        android:name="android.hardware.screen.landscape"
70-->[com.journeyapps:zxing-android-embedded:4.3.0] AndroidManifest.xml:40:9-57
71        android:required="false" />
71-->[com.journeyapps:zxing-android-embedded:4.3.0] AndroidManifest.xml:41:9-33
72    <uses-feature
72-->[com.journeyapps:zxing-android-embedded:4.3.0] AndroidManifest.xml:42:5-44:36
73        android:name="android.hardware.wifi"
73-->[com.journeyapps:zxing-android-embedded:4.3.0] AndroidManifest.xml:43:9-45
74        android:required="false" />
74-->[com.journeyapps:zxing-android-embedded:4.3.0] AndroidManifest.xml:44:9-33
75
76    <application
76-->src/main/AndroidManifest.xml:37:5-149:19
77        android:name="org.amnezia.awg.Application"
77-->src/main/AndroidManifest.xml:38:9-36
78        android:allowBackup="false"
78-->src/main/AndroidManifest.xml:39:9-36
79        android:appComponentFactory="androidx.core.app.CoreComponentFactory"
79-->[androidx.core:core:1.12.0] AndroidManifest.xml:28:18-86
80        android:banner="@mipmap/banner"
80-->src/main/AndroidManifest.xml:40:9-40
81        android:enableOnBackInvokedCallback="true"
81-->src/main/AndroidManifest.xml:41:9-51
82        android:extractNativeLibs="false"
83        android:icon="@mipmap/ic_launcher"
83-->src/main/AndroidManifest.xml:42:9-43
84        android:label="@string/app_name"
84-->src/main/AndroidManifest.xml:43:9-41
85        android:localeConfig="@xml/_generated_res_locale_config"
86        android:roundIcon="@mipmap/ic_launcher_round"
86-->src/main/AndroidManifest.xml:44:9-54
87        android:supportsRtl="true"
87-->src/main/AndroidManifest.xml:45:9-35
88        android:theme="@style/AppTheme" >
88-->src/main/AndroidManifest.xml:46:9-40
89        <activity
89-->src/main/AndroidManifest.xml:48:9-51:56
90            android:name="org.amnezia.awg.activity.TunnelToggleActivity"
90-->src/main/AndroidManifest.xml:49:13-58
91            android:excludeFromRecents="true"
91-->src/main/AndroidManifest.xml:50:13-46
92            android:theme="@style/NoBackgroundTheme" />
92-->src/main/AndroidManifest.xml:51:13-53
93        <activity
93-->src/main/AndroidManifest.xml:53:9-65:20
94            android:name="org.amnezia.awg.activity.MainActivity"
94-->src/main/AndroidManifest.xml:54:13-50
95            android:exported="true" >
95-->src/main/AndroidManifest.xml:55:13-36
96            <intent-filter>
96-->src/main/AndroidManifest.xml:56:13-60:29
97                <action android:name="android.intent.action.MAIN" />
97-->src/main/AndroidManifest.xml:57:17-69
97-->src/main/AndroidManifest.xml:57:25-66
98
99                <category android:name="android.intent.category.LAUNCHER" />
99-->src/main/AndroidManifest.xml:59:17-77
99-->src/main/AndroidManifest.xml:59:27-74
100            </intent-filter>
101            <intent-filter>
101-->src/main/AndroidManifest.xml:62:13-64:29
102                <action android:name="android.service.quicksettings.action.QS_TILE_PREFERENCES" />
102-->src/main/AndroidManifest.xml:63:17-99
102-->src/main/AndroidManifest.xml:63:25-96
103            </intent-filter>
104        </activity>
105        <activity
105-->src/main/AndroidManifest.xml:67:9-75:20
106            android:name="org.amnezia.awg.activity.TvMainActivity"
106-->src/main/AndroidManifest.xml:68:13-52
107            android:exported="true"
107-->src/main/AndroidManifest.xml:69:13-36
108            android:theme="@style/TvTheme" >
108-->src/main/AndroidManifest.xml:70:13-43
109            <intent-filter>
109-->src/main/AndroidManifest.xml:71:13-74:29
110                <action android:name="android.intent.action.MAIN" />
110-->src/main/AndroidManifest.xml:57:17-69
110-->src/main/AndroidManifest.xml:57:25-66
111
112                <category android:name="android.intent.category.LEANBACK_LAUNCHER" />
112-->src/main/AndroidManifest.xml:73:17-86
112-->src/main/AndroidManifest.xml:73:27-83
113            </intent-filter>
114        </activity>
115        <activity
115-->src/main/AndroidManifest.xml:77:9-80:67
116            android:name="org.amnezia.awg.activity.SettingsActivity"
116-->src/main/AndroidManifest.xml:78:13-54
117            android:label="@string/settings"
117-->src/main/AndroidManifest.xml:79:13-45
118            android:parentActivityName="org.amnezia.awg.activity.MainActivity" />
118-->src/main/AndroidManifest.xml:80:13-64
119        <activity
119-->src/main/AndroidManifest.xml:82:9-85:67
120            android:name="org.amnezia.awg.activity.TunnelCreatorActivity"
120-->src/main/AndroidManifest.xml:83:13-59
121            android:label="@string/create_activity_title"
121-->src/main/AndroidManifest.xml:84:13-58
122            android:parentActivityName="org.amnezia.awg.activity.MainActivity" />
122-->src/main/AndroidManifest.xml:85:13-64
123        <activity
123-->src/main/AndroidManifest.xml:87:9-90:49
124            android:name="com.journeyapps.barcodescanner.CaptureActivity"
124-->src/main/AndroidManifest.xml:88:13-74
125            android:clearTaskOnLaunch="true"
125-->[com.journeyapps:zxing-android-embedded:4.3.0] AndroidManifest.xml:49:13-45
126            android:screenOrientation="fullSensor"
126-->src/main/AndroidManifest.xml:89:13-51
127            android:stateNotNeeded="true"
127-->[com.journeyapps:zxing-android-embedded:4.3.0] AndroidManifest.xml:51:13-42
128            android:theme="@style/zxing_CaptureTheme"
128-->[com.journeyapps:zxing-android-embedded:4.3.0] AndroidManifest.xml:52:13-54
129            android:windowSoftInputMode="stateAlwaysHidden" />
129-->[com.journeyapps:zxing-android-embedded:4.3.0] AndroidManifest.xml:53:13-60
130        <activity
130-->src/main/AndroidManifest.xml:92:9-99:20
131            android:name="org.amnezia.awg.activity.LogViewerActivity"
131-->src/main/AndroidManifest.xml:93:13-55
132            android:exported="false"
132-->src/main/AndroidManifest.xml:94:13-37
133            android:label="@string/log_viewer_title" >
133-->src/main/AndroidManifest.xml:95:13-53
134            <intent-filter>
134-->src/main/AndroidManifest.xml:96:13-98:29
135                <action android:name="android.intent.action.MAIN" />
135-->src/main/AndroidManifest.xml:57:17-69
135-->src/main/AndroidManifest.xml:57:25-66
136            </intent-filter>
137        </activity>
138
139        <provider
140            android:name="org.amnezia.awg.activity.LogViewerActivity$ExportedLogContentProvider"
140-->src/main/AndroidManifest.xml:102:13-82
141            android:authorities="org.amnezia.awg.exported-log"
141-->src/main/AndroidManifest.xml:103:13-64
142            android:exported="false"
142-->src/main/AndroidManifest.xml:104:13-37
143            android:grantUriPermissions="true" />
143-->src/main/AndroidManifest.xml:105:13-47
144
145        <receiver
145-->src/main/AndroidManifest.xml:107:9-114:20
146            android:name="org.amnezia.awg.BootShutdownReceiver"
146-->src/main/AndroidManifest.xml:108:13-49
147            android:exported="true" >
147-->src/main/AndroidManifest.xml:109:13-36
148            <intent-filter>
148-->src/main/AndroidManifest.xml:110:13-113:29
149                <action android:name="android.intent.action.ACTION_SHUTDOWN" />
149-->src/main/AndroidManifest.xml:111:17-80
149-->src/main/AndroidManifest.xml:111:25-77
150                <action android:name="android.intent.action.BOOT_COMPLETED" />
150-->src/main/AndroidManifest.xml:112:17-79
150-->src/main/AndroidManifest.xml:112:25-76
151            </intent-filter>
152        </receiver>
153        <receiver
154            android:name="org.amnezia.awg.model.TunnelManager$IntentReceiver"
154-->src/main/AndroidManifest.xml:117:13-63
155            android:exported="true"
155-->src/main/AndroidManifest.xml:118:13-36
156            android:permission="org.amnezia.awg.permission.CONTROL_TUNNELS" >
156-->src/main/AndroidManifest.xml:119:13-77
157            <intent-filter>
157-->src/main/AndroidManifest.xml:120:13-124:29
158                <action android:name="org.amnezia.awg.action.REFRESH_TUNNEL_STATES" />
158-->src/main/AndroidManifest.xml:121:17-87
158-->src/main/AndroidManifest.xml:121:25-84
159                <action android:name="org.amnezia.awg.action.SET_TUNNEL_UP" />
159-->src/main/AndroidManifest.xml:122:17-79
159-->src/main/AndroidManifest.xml:122:25-76
160                <action android:name="org.amnezia.awg.action.SET_TUNNEL_DOWN" />
160-->src/main/AndroidManifest.xml:123:17-81
160-->src/main/AndroidManifest.xml:123:25-78
161            </intent-filter>
162        </receiver>
163
164        <service
164-->src/main/AndroidManifest.xml:127:9-144:19
165            android:name="org.amnezia.awg.QuickTileService"
165-->src/main/AndroidManifest.xml:128:13-45
166            android:exported="true"
166-->src/main/AndroidManifest.xml:129:13-36
167            android:icon="@drawable/ic_tile"
167-->src/main/AndroidManifest.xml:130:13-45
168            android:permission="android.permission.BIND_QUICK_SETTINGS_TILE" >
168-->src/main/AndroidManifest.xml:131:13-77
169            <intent-filter>
169-->src/main/AndroidManifest.xml:133:13-135:29
170                <action android:name="android.service.quicksettings.action.QS_TILE" />
170-->src/main/AndroidManifest.xml:134:17-87
170-->src/main/AndroidManifest.xml:134:25-84
171            </intent-filter>
172
173            <meta-data
173-->src/main/AndroidManifest.xml:137:13-139:41
174                android:name="android.service.quicksettings.ACTIVE_TILE"
174-->src/main/AndroidManifest.xml:138:17-73
175                android:value="false" />
175-->src/main/AndroidManifest.xml:139:17-38
176            <meta-data
176-->src/main/AndroidManifest.xml:141:13-143:40
177                android:name="android.service.quicksettings.TOGGLEABLE_TILE"
177-->src/main/AndroidManifest.xml:142:17-77
178                android:value="true" />
178-->src/main/AndroidManifest.xml:143:17-37
179        </service>
180
181        <meta-data
181-->src/main/AndroidManifest.xml:146:9-148:56
182            android:name="android.content.APP_RESTRICTIONS"
182-->src/main/AndroidManifest.xml:147:13-60
183            android:resource="@xml/app_restrictions" />
183-->src/main/AndroidManifest.xml:148:13-53
184
185        <provider
185-->[androidx.emoji2:emoji2:1.2.0] AndroidManifest.xml:24:9-32:20
186            android:name="androidx.startup.InitializationProvider"
186-->[androidx.emoji2:emoji2:1.2.0] AndroidManifest.xml:25:13-67
187            android:authorities="org.amnezia.awg.androidx-startup"
187-->[androidx.emoji2:emoji2:1.2.0] AndroidManifest.xml:26:13-68
188            android:exported="false" >
188-->[androidx.emoji2:emoji2:1.2.0] AndroidManifest.xml:27:13-37
189            <meta-data
189-->[androidx.emoji2:emoji2:1.2.0] AndroidManifest.xml:29:13-31:52
190                android:name="androidx.emoji2.text.EmojiCompatInitializer"
190-->[androidx.emoji2:emoji2:1.2.0] AndroidManifest.xml:30:17-75
191                android:value="androidx.startup" />
191-->[androidx.emoji2:emoji2:1.2.0] AndroidManifest.xml:31:17-49
192            <meta-data
192-->[androidx.lifecycle:lifecycle-process:2.7.0] AndroidManifest.xml:29:13-31:52
193                android:name="androidx.lifecycle.ProcessLifecycleInitializer"
193-->[androidx.lifecycle:lifecycle-process:2.7.0] AndroidManifest.xml:30:17-78
194                android:value="androidx.startup" />
194-->[androidx.lifecycle:lifecycle-process:2.7.0] AndroidManifest.xml:31:17-49
195            <meta-data
195-->[androidx.profileinstaller:profileinstaller:1.3.0] AndroidManifest.xml:29:13-31:52
196                android:name="androidx.profileinstaller.ProfileInstallerInitializer"
196-->[androidx.profileinstaller:profileinstaller:1.3.0] AndroidManifest.xml:30:17-85
197                android:value="androidx.startup" />
197-->[androidx.profileinstaller:profileinstaller:1.3.0] AndroidManifest.xml:31:17-49
198        </provider>
199
200        <uses-library
200-->[androidx.window:window:1.0.0] AndroidManifest.xml:25:9-27:40
201            android:name="androidx.window.extensions"
201-->[androidx.window:window:1.0.0] AndroidManifest.xml:26:13-54
202            android:required="false" />
202-->[androidx.window:window:1.0.0] AndroidManifest.xml:27:13-37
203        <uses-library
203-->[androidx.window:window:1.0.0] AndroidManifest.xml:28:9-30:40
204            android:name="androidx.window.sidecar"
204-->[androidx.window:window:1.0.0] AndroidManifest.xml:29:13-51
205            android:required="false" />
205-->[androidx.window:window:1.0.0] AndroidManifest.xml:30:13-37
206
207        <service
207-->[:tunnel] AndroidManifest.xml:12:9-19:19
208            android:name="org.amnezia.awg.backend.GoBackend$VpnService"
208-->[:tunnel] AndroidManifest.xml:13:13-72
209            android:exported="false"
209-->[:tunnel] AndroidManifest.xml:14:13-37
210            android:permission="android.permission.BIND_VPN_SERVICE" >
210-->[:tunnel] AndroidManifest.xml:15:13-69
211            <intent-filter>
211-->[:tunnel] AndroidManifest.xml:16:13-18:29
212                <action android:name="android.net.VpnService" />
212-->[:tunnel] AndroidManifest.xml:17:17-65
212-->[:tunnel] AndroidManifest.xml:17:25-62
213            </intent-filter>
214        </service>
215
216        <receiver
216-->[androidx.profileinstaller:profileinstaller:1.3.0] AndroidManifest.xml:34:9-52:20
217            android:name="androidx.profileinstaller.ProfileInstallReceiver"
217-->[androidx.profileinstaller:profileinstaller:1.3.0] AndroidManifest.xml:35:13-76
218            android:directBootAware="false"
218-->[androidx.profileinstaller:profileinstaller:1.3.0] AndroidManifest.xml:36:13-44
219            android:enabled="true"
219-->[androidx.profileinstaller:profileinstaller:1.3.0] AndroidManifest.xml:37:13-35
220            android:exported="true"
220-->[androidx.profileinstaller:profileinstaller:1.3.0] AndroidManifest.xml:38:13-36
221            android:permission="android.permission.DUMP" >
221-->[androidx.profileinstaller:profileinstaller:1.3.0] AndroidManifest.xml:39:13-57
222            <intent-filter>
222-->[androidx.profileinstaller:profileinstaller:1.3.0] AndroidManifest.xml:40:13-42:29
223                <action android:name="androidx.profileinstaller.action.INSTALL_PROFILE" />
223-->[androidx.profileinstaller:profileinstaller:1.3.0] AndroidManifest.xml:41:17-91
223-->[androidx.profileinstaller:profileinstaller:1.3.0] AndroidManifest.xml:41:25-88
224            </intent-filter>
225            <intent-filter>
225-->[androidx.profileinstaller:profileinstaller:1.3.0] AndroidManifest.xml:43:13-45:29
226                <action android:name="androidx.profileinstaller.action.SKIP_FILE" />
226-->[androidx.profileinstaller:profileinstaller:1.3.0] AndroidManifest.xml:44:17-85
226-->[androidx.profileinstaller:profileinstaller:1.3.0] AndroidManifest.xml:44:25-82
227            </intent-filter>
228            <intent-filter>
228-->[androidx.profileinstaller:profileinstaller:1.3.0] AndroidManifest.xml:46:13-48:29
229                <action android:name="androidx.profileinstaller.action.SAVE_PROFILE" />
229-->[androidx.profileinstaller:profileinstaller:1.3.0] AndroidManifest.xml:47:17-88
229-->[androidx.profileinstaller:profileinstaller:1.3.0] AndroidManifest.xml:47:25-85
230            </intent-filter>
231            <intent-filter>
231-->[androidx.profileinstaller:profileinstaller:1.3.0] AndroidManifest.xml:49:13-51:29
232                <action android:name="androidx.profileinstaller.action.BENCHMARK_OPERATION" />
232-->[androidx.profileinstaller:profileinstaller:1.3.0] AndroidManifest.xml:50:17-95
232-->[androidx.profileinstaller:profileinstaller:1.3.0] AndroidManifest.xml:50:25-92
233            </intent-filter>
234        </receiver>
235    </application>
236
237</manifest>